Sep-11,2022 19:32:19-EAT - Experiment: ICEA 
Model: IMBalancedRF 
Score: [0.92371021 0.90944018 0.92751236 0.92476661 0.93849533 0.92751236
 0.93739703 0.92970895 0.9302581  0.92861065 0.92700329 0.91931943
 0.9313564  0.92147172 0.9313564  0.92586491 0.9324547  0.92311917
 0.9313564  0.9280615  0.93249177 0.92700329 0.92421746 0.92147172
 0.93190555 0.92202087 0.92476661 0.93355299 0.92641406 0.92311917] 
Mean Score: 0.927 
Std: 0.006 
F1 Score: 0.928 
Param_grid: {'criterion': 'entropy', 'random_state': 42, 'sampling_strategy': 'not majority', 'n_jobs': -1} 
Approx. Training Time 0.774 



Sep-11,2022 19:34:24-EAT - Experiment: ICEA 
Model: XGB 
Score: [0.9259056  0.9154775  0.92861065 0.92421746 0.93520044 0.92970895
 0.93959363 0.93574959 0.93080725 0.93080725 0.92700329 0.92096597
 0.93684789 0.92366831 0.93080725 0.9280615  0.93355299 0.92311917
 0.93410214 0.9280615  0.93358946 0.92535675 0.9280615  0.92476661
 0.9324547  0.92696321 0.92421746 0.93520044 0.9291598  0.92696321] 
Mean Score: 0.929 
Std: 0.005 
F1 Score: 0.929 
Param_grid: {'booster': 'dart', 'eta': 0.05, 'objective': 'binary:logistic', 'eval_metric': 'error'} 
Approx. Training Time 2.060 



Sep-11,2022 19:48:31-EAT - Experiment: ICEA 
Model: IMBalancedRF 
Score: [0.92371021 0.90944018 0.92751236 0.92476661 0.93849533 0.92751236
 0.93739703 0.92970895 0.9302581  0.92861065 0.92700329 0.91931943
 0.9313564  0.92147172 0.9313564  0.92586491 0.9324547  0.92311917
 0.9313564  0.9280615  0.93249177 0.92700329 0.92421746 0.92147172
 0.93190555 0.92202087 0.92476661 0.93355299 0.92641406 0.92311917] 
Mean Score: 0.927 
Std: 0.006 
F1 Score: 0.928 
Param_grid: {'criterion': 'entropy', 'random_state': 42, 'sampling_strategy': 'not majority', 'n_jobs': -1} 
Approx. Training Time 0.515 



Sep-11,2022 19:50:38-EAT - Experiment: ICEA 
Model: XGB 
Score: [0.9259056  0.9154775  0.92861065 0.92421746 0.93520044 0.92970895
 0.93959363 0.93574959 0.93080725 0.93080725 0.92700329 0.92096597
 0.93684789 0.92366831 0.93080725 0.9280615  0.93355299 0.92311917
 0.93410214 0.9280615  0.93358946 0.92535675 0.9280615  0.92476661
 0.9324547  0.92696321 0.92421746 0.93520044 0.9291598  0.92696321] 
Mean Score: 0.929 
Std: 0.005 
F1 Score: 0.929 
Param_grid: {'booster': 'dart', 'eta': 0.05, 'objective': 'binary:logistic', 'eval_metric': 'error'} 
Approx. Training Time 2.120 



